<?xml version="1.0" encoding="UTF-8"?>
<beans xmlns="http://www.springframework.org/schema/beans"
	xmlns:jdbc="http://www.springframework.org/schema/jdbc" xmlns:xsi="http://www.w3.org/2001/XMLSchema-instance"
	xmlns:context="http://www.springframework.org/schema/context"
	xsi:schemaLocation="http://www.springframework.org/schema/jdbc http://www.springframework.org/schema/jdbc/spring-jdbc-3.1.xsd
		http://www.springframework.org/schema/beans http://www.springframework.org/schema/beans/spring-beans-3.1.xsd
		http://www.springframework.org/schema/context http://www.springframework.org/schema/context/spring-context-4.1.xsd">

	<jdbc:embedded-database id="dataSource" type="HSQL">
	</jdbc:embedded-database>

	<jdbc:initialize-database ignore-failures="DROPS">
		<jdbc:script location="classpath:sql/drops.sql" />
		<jdbc:script location="classpath:sql/create-schema.sql" />
		<jdbc:script location="classpath:sql/wte_template.sql" />
		<jdbc:script location="classpath:sql/wte_template_properties.sql" />
		<jdbc:script location="classpath:sql/wte_test_dbView.sql" />
		<jdbc:script location="classpath:sql/wte_test_data.sql" />
	</jdbc:initialize-database>

	<bean id="wteEntityManagerFactory"
		class="org.springframework.orm.jpa.LocalContainerEntityManagerFactoryBean">
		<property name="persistenceUnitName" value="wte-templates" />
		<property name="dataSource" ref="dataSource" />
		<property name="jpaVendorAdapter">
			<bean id="jpaVendorAdapter"
				class="org.springframework.orm.jpa.vendor.OpenJpaVendorAdapter">
				<property name="database" value="HSQL" />
			</bean>
		</property>	
	</bean>

	<bean id="transactionManager" class="org.springframework.orm.jpa.JpaTransactionManager">
		<property name="entityManagerFactory" ref="wteEntityManagerFactory" />
		<qualifier value="wte" />
	</bean>
</beans>